build/app/intermediates/manifest_merge_blame_file/debug/manifest-merger-blame-debug-report.txt
1<?xml version="1.0" encoding="utf-8"?>
2<manifest xmlns:android="http://schemas.android.com/apk/res/android"
3    package="com.leojin.calculator"
4    android:versionCode="1"
5    android:versionName="1.0.0" >
6
7    <uses-sdk
8        android:minSdkVersion="19"
9        android:targetSdkVersion="33" />
10    <!--
11         The INTERNET permission is required for development. Specifically,
12         the Flutter tool needs it to communicate with the running application
13         to allow setting breakpoints, to provide hot reload, etc.
14    -->
15    <uses-permission android:name="android.permission.INTERNET" />
15-->src/debug/AndroidManifest.xml:6:5-66
15-->src/debug/AndroidManifest.xml:6:22-64
16    <uses-permission android:name="android.permission.ACCESS_NETWORK_STATE" />
16-->[com.google.android.gms:play-services-ads-lite:20.6.0] AndroidManifest.xml:24:5-79
16-->[com.google.android.gms:play-services-ads-lite:20.6.0] AndroidManifest.xml:24:22-76
17    <uses-permission android:name="com.google.android.gms.permission.AD_ID" /> <!-- Android package visibility setting -->
17-->[com.google.android.gms:play-services-ads-lite:20.6.0] AndroidManifest.xml:25:5-79
17-->[com.google.android.gms:play-services-ads-lite:20.6.0] AndroidManifest.xml:25:22-76
18    <queries>
18-->[com.google.android.gms:play-services-ads-lite:20.6.0] AndroidManifest.xml:28:5-44:15
19
20        <!-- For browser content -->
21        <intent>
21-->[com.google.android.gms:play-services-ads-lite:20.6.0] AndroidManifest.xml:31:9-37:18
22            <action android:name="android.intent.action.VIEW" />
22-->[com.google.android.gms:play-services-ads-lite:20.6.0] AndroidManifest.xml:32:13-65
22-->[com.google.android.gms:play-services-ads-lite:20.6.0] AndroidManifest.xml:32:21-62
23
24            <category android:name="android.intent.category.BROWSABLE" />
24-->[com.google.android.gms:play-services-ads-lite:20.6.0] AndroidManifest.xml:34:13-74
24-->[com.google.android.gms:play-services-ads-lite:20.6.0] AndroidManifest.xml:34:23-71
25
26            <data android:scheme="https" />
26-->[com.google.android.gms:play-services-ads-lite:20.6.0] AndroidManifest.xml:36:13-44
26-->[com.google.android.gms:play-services-ads-lite:20.6.0] AndroidManifest.xml:36:19-41
27        </intent>
28        <!-- End of browser content -->
29        <!-- For CustomTabsService -->
30        <intent>
30-->[com.google.android.gms:play-services-ads-lite:20.6.0] AndroidManifest.xml:40:9-42:18
31            <action android:name="android.support.customtabs.action.CustomTabsService" />
31-->[com.google.android.gms:play-services-ads-lite:20.6.0] AndroidManifest.xml:41:13-90
31-->[com.google.android.gms:play-services-ads-lite:20.6.0] AndroidManifest.xml:41:21-87
32        </intent>
33        <!-- End of CustomTabsService -->
34    </queries>
35
36    <uses-permission android:name="android.permission.WAKE_LOCK" />
36-->[com.google.android.gms:play-services-measurement-sdk-api:18.0.3] AndroidManifest.xml:25:5-68
36-->[com.google.android.gms:play-services-measurement-sdk-api:18.0.3] AndroidManifest.xml:25:22-65
37    <uses-permission android:name="android.permission.RECEIVE_BOOT_COMPLETED" />
37-->[androidx.work:work-runtime:2.7.0] AndroidManifest.xml:27:5-81
37-->[androidx.work:work-runtime:2.7.0] AndroidManifest.xml:27:22-78
38    <uses-permission android:name="android.permission.FOREGROUND_SERVICE" />
38-->[androidx.work:work-runtime:2.7.0] AndroidManifest.xml:28:5-77
38-->[androidx.work:work-runtime:2.7.0] AndroidManifest.xml:28:22-74
39
40    <application
41        android:name="android.app.Application"
42        android:appComponentFactory="androidx.core.app.CoreComponentFactory"
42-->[androidx.core:core:1.6.0] AndroidManifest.xml:24:18-86
43        android:debuggable="true"
44        android:icon="@mipmap/ic_launcher"
45        android:label="calculator" >
46
47        <!-- android:name=".MainActivity" -->
48        <activity
49            android:name="com.leojin.calculator.MainActivity"
50            android:configChanges="orientation|keyboardHidden|keyboard|screenSize|smallestScreenSize|locale|layoutDirection|fontScale|screenLayout|density|uiMode"
51            android:exported="true"
52            android:hardwareAccelerated="true"
53            android:launchMode="singleTop"
54            android:theme="@style/LaunchTheme"
55            android:windowSoftInputMode="adjustResize" >
56
57            <!--
58                 Specifies an Android theme to apply to this Activity as soon as
59                 the Android process has started. This theme is visible to the user
60                 while the Flutter UI initializes. After that, this theme continues
61                 to determine the Window background behind the Flutter UI.
62            -->
63
64            <meta-data
65                android:name="io.flutter.embedding.android.NormalTheme"
66                android:resource="@style/NormalTheme" />
67
68            <intent-filter>
69                <action android:name="android.intent.action.MAIN" />
70
71                <category android:name="android.intent.category.LAUNCHER" />
72            </intent-filter>
73        </activity>
74        <!--
75             Don't delete the meta-data below.
76             This is used by the Flutter tool to generate GeneratedPluginRegistrant.java
77        -->
78        <meta-data
79            android:name="flutterEmbedding"
80            android:value="2" />
81
82        <!-- 테스트 AdMob 앱 ID: ca-app-pub-3940256099942544~3347511713 -->
83        <meta-data
84            android:name="com.google.android.gms.ads.APPLICATION_ID"
85            android:value="ca-app-pub-3940256099942544~3347511713" />
86        <meta-data
86-->[:google_mobile_ads] AndroidManifest.xml:12:9-14:36
87            android:name="io.flutter.embedded_views_preview"
87-->[:google_mobile_ads] AndroidManifest.xml:13:13-61
88            android:value="true" />
88-->[:google_mobile_ads] AndroidManifest.xml:14:13-33
89
90        <uses-library
90-->[androidx.window:window:1.0.0-beta04] AndroidManifest.xml:25:9-27:40
91            android:name="androidx.window.extensions"
91-->[androidx.window:window:1.0.0-beta04] AndroidManifest.xml:26:13-54
92            android:required="false" />
92-->[androidx.window:window:1.0.0-beta04] AndroidManifest.xml:27:13-37
93        <uses-library
93-->[androidx.window:window:1.0.0-beta04] AndroidManifest.xml:28:9-30:40
94            android:name="androidx.window.sidecar"
94-->[androidx.window:window:1.0.0-beta04] AndroidManifest.xml:29:13-51
95            android:required="false" />
95-->[androidx.window:window:1.0.0-beta04] AndroidManifest.xml:30:13-37
96
97        <provider
97-->[androidx.lifecycle:lifecycle-process:2.2.0] AndroidManifest.xml:25:9-29:43
98            android:name="androidx.lifecycle.ProcessLifecycleOwnerInitializer"
98-->[androidx.lifecycle:lifecycle-process:2.2.0] AndroidManifest.xml:26:13-79
99            android:authorities="com.leojin.calculator.lifecycle-process"
99-->[androidx.lifecycle:lifecycle-process:2.2.0] AndroidManifest.xml:27:13-69
100            android:exported="false"
100-->[androidx.lifecycle:lifecycle-process:2.2.0] AndroidManifest.xml:28:13-37
101            android:multiprocess="true" /> <!-- Include the AdActivity and InAppPurchaseActivity configChanges and themes. -->
101-->[androidx.lifecycle:lifecycle-process:2.2.0] AndroidManifest.xml:29:13-40
102        <activity
102-->[com.google.android.gms:play-services-ads-lite:20.6.0] AndroidManifest.xml:49:9-53:64
103            android:name="com.google.android.gms.ads.AdActivity"
103-->[com.google.android.gms:play-services-ads-lite:20.6.0] AndroidManifest.xml:50:13-65
104            android:configChanges="keyboard|keyboardHidden|orientation|screenLayout|uiMode|screenSize|smallestScreenSize"
104-->[com.google.android.gms:play-services-ads-lite:20.6.0] AndroidManifest.xml:51:13-122
105            android:exported="false"
105-->[com.google.android.gms:play-services-ads-lite:20.6.0] AndroidManifest.xml:52:13-37
106            android:theme="@android:style/Theme.Translucent" />
106-->[com.google.android.gms:play-services-ads-lite:20.6.0] AndroidManifest.xml:53:13-61
107
108        <provider
108-->[com.google.android.gms:play-services-ads-lite:20.6.0] AndroidManifest.xml:55:9-59:39
109            android:name="com.google.android.gms.ads.MobileAdsInitProvider"
109-->[com.google.android.gms:play-services-ads-lite:20.6.0] AndroidManifest.xml:56:13-76
110            android:authorities="com.leojin.calculator.mobileadsinitprovider"
110-->[com.google.android.gms:play-services-ads-lite:20.6.0] AndroidManifest.xml:57:13-73
111            android:exported="false"
111-->[com.google.android.gms:play-services-ads-lite:20.6.0] AndroidManifest.xml:58:13-37
112            android:initOrder="100" />
112-->[com.google.android.gms:play-services-ads-lite:20.6.0] AndroidManifest.xml:59:13-36
113
114        <service
114-->[com.google.android.gms:play-services-ads-lite:20.6.0] AndroidManifest.xml:61:9-64:40
115            android:name="com.google.android.gms.ads.AdService"
115-->[com.google.android.gms:play-services-ads-lite:20.6.0] AndroidManifest.xml:62:13-64
116            android:enabled="true"
116-->[com.google.android.gms:play-services-ads-lite:20.6.0] AndroidManifest.xml:63:13-35
117            android:exported="false" />
117-->[com.google.android.gms:play-services-ads-lite:20.6.0] AndroidManifest.xml:64:13-37
118
119        <activity
119-->[com.google.android.gms:play-services-base:17.6.0] AndroidManifest.xml:23:9-26:75
120            android:name="com.google.android.gms.common.api.GoogleApiActivity"
120-->[com.google.android.gms:play-services-base:17.6.0] AndroidManifest.xml:24:13-79
121            android:exported="false"
121-->[com.google.android.gms:play-services-base:17.6.0] AndroidManifest.xml:25:13-37
122            android:theme="@android:style/Theme.Translucent.NoTitleBar" />
122-->[com.google.android.gms:play-services-base:17.6.0] AndroidManifest.xml:26:13-72
123
124        <meta-data
124-->[com.google.android.gms:play-services-basement:17.6.0] AndroidManifest.xml:23:9-25:69
125            android:name="com.google.android.gms.version"
125-->[com.google.android.gms:play-services-basement:17.6.0] AndroidManifest.xml:24:13-58
126            android:value="@integer/google_play_services_version" />
126-->[com.google.android.gms:play-services-basement:17.6.0] AndroidManifest.xml:25:13-66
127
128        <provider
128-->[androidx.work:work-runtime:2.7.0] AndroidManifest.xml:31:9-39:20
129            android:name="androidx.startup.InitializationProvider"
129-->[androidx.work:work-runtime:2.7.0] AndroidManifest.xml:32:13-67
130            android:authorities="com.leojin.calculator.androidx-startup"
130-->[androidx.work:work-runtime:2.7.0] AndroidManifest.xml:33:13-68
131            android:exported="false" >
131-->[androidx.work:work-runtime:2.7.0] AndroidManifest.xml:34:13-37
132            <meta-data
132-->[androidx.work:work-runtime:2.7.0] AndroidManifest.xml:36:13-38:52
133                android:name="androidx.work.WorkManagerInitializer"
133-->[androidx.work:work-runtime:2.7.0] AndroidManifest.xml:37:17-68
134                android:value="androidx.startup" />
134-->[androidx.work:work-runtime:2.7.0] AndroidManifest.xml:38:17-49
135        </provider>
136
137        <service
137-->[androidx.work:work-runtime:2.7.0] AndroidManifest.xml:41:9-46:35
138            android:name="androidx.work.impl.background.systemalarm.SystemAlarmService"
138-->[androidx.work:work-runtime:2.7.0] AndroidManifest.xml:42:13-88
139            android:directBootAware="false"
139-->[androidx.work:work-runtime:2.7.0] AndroidManifest.xml:43:13-44
140            android:enabled="@bool/enable_system_alarm_service_default"
140-->[androidx.work:work-runtime:2.7.0] AndroidManifest.xml:44:13-72
141            android:exported="false" />
141-->[androidx.work:work-runtime:2.7.0] AndroidManifest.xml:45:13-37
142        <service
142-->[androidx.work:work-runtime:2.7.0] AndroidManifest.xml:47:9-53:35
143            android:name="androidx.work.impl.background.systemjob.SystemJobService"
143-->[androidx.work:work-runtime:2.7.0] AndroidManifest.xml:48:13-84
144            android:directBootAware="false"
144-->[androidx.work:work-runtime:2.7.0] AndroidManifest.xml:49:13-44
145            android:enabled="@bool/enable_system_job_service_default"
145-->[androidx.work:work-runtime:2.7.0] AndroidManifest.xml:50:13-70
146            android:exported="true"
146-->[androidx.work:work-runtime:2.7.0] AndroidManifest.xml:51:13-36
147            android:permission="android.permission.BIND_JOB_SERVICE" />
147-->[androidx.work:work-runtime:2.7.0] AndroidManifest.xml:52:13-69
148        <service
148-->[androidx.work:work-runtime:2.7.0] AndroidManifest.xml:54:9-59:35
149            android:name="androidx.work.impl.foreground.SystemForegroundService"
149-->[androidx.work:work-runtime:2.7.0] AndroidManifest.xml:55:13-81
150            android:directBootAware="false"
150-->[androidx.work:work-runtime:2.7.0] AndroidManifest.xml:56:13-44
151            android:enabled="@bool/enable_system_foreground_service_default"
151-->[androidx.work:work-runtime:2.7.0] AndroidManifest.xml:57:13-77
152            android:exported="false" />
152-->[androidx.work:work-runtime:2.7.0] AndroidManifest.xml:58:13-37
153
154        <receiver
154-->[androidx.work:work-runtime:2.7.0] AndroidManifest.xml:61:9-66:35
155            android:name="androidx.work.impl.utils.ForceStopRunnable$BroadcastReceiver"
155-->[androidx.work:work-runtime:2.7.0] AndroidManifest.xml:62:13-88
156            android:directBootAware="false"
156-->[androidx.work:work-runtime:2.7.0] AndroidManifest.xml:63:13-44
157            android:enabled="true"
157-->[androidx.work:work-runtime:2.7.0] AndroidManifest.xml:64:13-35
158            android:exported="false" />
158-->[androidx.work:work-runtime:2.7.0] AndroidManifest.xml:65:13-37
159        <receiver
159-->[androidx.work:work-runtime:2.7.0] AndroidManifest.xml:67:9-77:20
160            android:name="androidx.work.impl.background.systemalarm.ConstraintProxy$BatteryChargingProxy"
160-->[androidx.work:work-runtime:2.7.0] AndroidManifest.xml:68:13-106
161            android:directBootAware="false"
161-->[androidx.work:work-runtime:2.7.0] AndroidManifest.xml:69:13-44
162            android:enabled="false"
162-->[androidx.work:work-runtime:2.7.0] AndroidManifest.xml:70:13-36
163            android:exported="false" >
163-->[androidx.work:work-runtime:2.7.0] AndroidManifest.xml:71:13-37
164            <intent-filter>
164-->[androidx.work:work-runtime:2.7.0] AndroidManifest.xml:73:13-76:29
165                <action android:name="android.intent.action.ACTION_POWER_CONNECTED" />
165-->[androidx.work:work-runtime:2.7.0] AndroidManifest.xml:74:17-87
165-->[androidx.work:work-runtime:2.7.0] AndroidManifest.xml:74:25-84
166                <action android:name="android.intent.action.ACTION_POWER_DISCONNECTED" />
166-->[androidx.work:work-runtime:2.7.0] AndroidManifest.xml:75:17-90
166-->[androidx.work:work-runtime:2.7.0] AndroidManifest.xml:75:25-87
167            </intent-filter>
168        </receiver>
169        <receiver
169-->[androidx.work:work-runtime:2.7.0] AndroidManifest.xml:78:9-88:20
170            android:name="androidx.work.impl.background.systemalarm.ConstraintProxy$BatteryNotLowProxy"
170-->[androidx.work:work-runtime:2.7.0] AndroidManifest.xml:79:13-104
171            android:directBootAware="false"
171-->[androidx.work:work-runtime:2.7.0] AndroidManifest.xml:80:13-44
172            android:enabled="false"
172-->[androidx.work:work-runtime:2.7.0] AndroidManifest.xml:81:13-36
173            android:exported="false" >
173-->[androidx.work:work-runtime:2.7.0] AndroidManifest.xml:82:13-37
174            <intent-filter>
174-->[androidx.work:work-runtime:2.7.0] AndroidManifest.xml:84:13-87:29
175                <action android:name="android.intent.action.BATTERY_OKAY" />
175-->[androidx.work:work-runtime:2.7.0] AndroidManifest.xml:85:17-77
175-->[androidx.work:work-runtime:2.7.0] AndroidManifest.xml:85:25-74
176                <action android:name="android.intent.action.BATTERY_LOW" />
176-->[androidx.work:work-runtime:2.7.0] AndroidManifest.xml:86:17-76
176-->[androidx.work:work-runtime:2.7.0] AndroidManifest.xml:86:25-73
177            </intent-filter>
178        </receiver>
179        <receiver
179-->[androidx.work:work-runtime:2.7.0] AndroidManifest.xml:89:9-99:20
180            android:name="androidx.work.impl.background.systemalarm.ConstraintProxy$StorageNotLowProxy"
180-->[androidx.work:work-runtime:2.7.0] AndroidManifest.xml:90:13-104
181            android:directBootAware="false"
181-->[androidx.work:work-runtime:2.7.0] AndroidManifest.xml:91:13-44
182            android:enabled="false"
182-->[androidx.work:work-runtime:2.7.0] AndroidManifest.xml:92:13-36
183            android:exported="false" >
183-->[androidx.work:work-runtime:2.7.0] AndroidManifest.xml:93:13-37
184            <intent-filter>
184-->[androidx.work:work-runtime:2.7.0] AndroidManifest.xml:95:13-98:29
185                <action android:name="android.intent.action.DEVICE_STORAGE_LOW" />
185-->[androidx.work:work-runtime:2.7.0] AndroidManifest.xml:96:17-83
185-->[androidx.work:work-runtime:2.7.0] AndroidManifest.xml:96:25-80
186                <action android:name="android.intent.action.DEVICE_STORAGE_OK" />
186-->[androidx.work:work-runtime:2.7.0] AndroidManifest.xml:97:17-82
186-->[androidx.work:work-runtime:2.7.0] AndroidManifest.xml:97:25-79
187            </intent-filter>
188        </receiver>
189        <receiver
189-->[androidx.work:work-runtime:2.7.0] AndroidManifest.xml:100:9-109:20
190            android:name="androidx.work.impl.background.systemalarm.ConstraintProxy$NetworkStateProxy"
190-->[androidx.work:work-runtime:2.7.0] AndroidManifest.xml:101:13-103
191            android:directBootAware="false"
191-->[androidx.work:work-runtime:2.7.0] AndroidManifest.xml:102:13-44
192            android:enabled="false"
192-->[androidx.work:work-runtime:2.7.0] AndroidManifest.xml:103:13-36
193            android:exported="false" >
193-->[androidx.work:work-runtime:2.7.0] AndroidManifest.xml:104:13-37
194            <intent-filter>
194-->[androidx.work:work-runtime:2.7.0] AndroidManifest.xml:106:13-108:29
195                <action android:name="android.net.conn.CONNECTIVITY_CHANGE" />
195-->[androidx.work:work-runtime:2.7.0] AndroidManifest.xml:107:17-79
195-->[androidx.work:work-runtime:2.7.0] AndroidManifest.xml:107:25-76
196            </intent-filter>
197        </receiver>
198        <receiver
198-->[androidx.work:work-runtime:2.7.0] AndroidManifest.xml:110:9-121:20
199            android:name="androidx.work.impl.background.systemalarm.RescheduleReceiver"
199-->[androidx.work:work-runtime:2.7.0] AndroidManifest.xml:111:13-88
200            android:directBootAware="false"
200-->[androidx.work:work-runtime:2.7.0] AndroidManifest.xml:112:13-44
201            android:enabled="false"
201-->[androidx.work:work-runtime:2.7.0] AndroidManifest.xml:113:13-36
202            android:exported="false" >
202-->[androidx.work:work-runtime:2.7.0] AndroidManifest.xml:114:13-37
203            <intent-filter>
203-->[androidx.work:work-runtime:2.7.0] AndroidManifest.xml:116:13-120:29
204                <action android:name="android.intent.action.BOOT_COMPLETED" />
204-->[androidx.work:work-runtime:2.7.0] AndroidManifest.xml:117:17-79
204-->[androidx.work:work-runtime:2.7.0] AndroidManifest.xml:117:25-76
205                <action android:name="android.intent.action.TIME_SET" />
205-->[androidx.work:work-runtime:2.7.0] AndroidManifest.xml:118:17-73
205-->[androidx.work:work-runtime:2.7.0] AndroidManifest.xml:118:25-70
206                <action android:name="android.intent.action.TIMEZONE_CHANGED" />
206-->[androidx.work:work-runtime:2.7.0] AndroidManifest.xml:119:17-81
206-->[androidx.work:work-runtime:2.7.0] AndroidManifest.xml:119:25-78
207            </intent-filter>
208        </receiver>
209        <receiver
209-->[androidx.work:work-runtime:2.7.0] AndroidManifest.xml:122:9-131:20
210            android:name="androidx.work.impl.background.systemalarm.ConstraintProxyUpdateReceiver"
210-->[androidx.work:work-runtime:2.7.0] AndroidManifest.xml:123:13-99
211            android:directBootAware="false"
211-->[androidx.work:work-runtime:2.7.0] AndroidManifest.xml:124:13-44
212            android:enabled="@bool/enable_system_alarm_service_default"
212-->[androidx.work:work-runtime:2.7.0] AndroidManifest.xml:125:13-72
213            android:exported="false" >
213-->[androidx.work:work-runtime:2.7.0] AndroidManifest.xml:126:13-37
214            <intent-filter>
214-->[androidx.work:work-runtime:2.7.0] AndroidManifest.xml:128:13-130:29
215                <action android:name="androidx.work.impl.background.systemalarm.UpdateProxies" />
215-->[androidx.work:work-runtime:2.7.0] AndroidManifest.xml:129:17-98
215-->[androidx.work:work-runtime:2.7.0] AndroidManifest.xml:129:25-95
216            </intent-filter>
217        </receiver>
218        <receiver
218-->[androidx.work:work-runtime:2.7.0] AndroidManifest.xml:132:9-142:20
219            android:name="androidx.work.impl.diagnostics.DiagnosticsReceiver"
219-->[androidx.work:work-runtime:2.7.0] AndroidManifest.xml:133:13-78
220            android:directBootAware="false"
220-->[androidx.work:work-runtime:2.7.0] AndroidManifest.xml:134:13-44
221            android:enabled="true"
221-->[androidx.work:work-runtime:2.7.0] AndroidManifest.xml:135:13-35
222            android:exported="true"
222-->[androidx.work:work-runtime:2.7.0] AndroidManifest.xml:136:13-36
223            android:permission="android.permission.DUMP" >
223-->[androidx.work:work-runtime:2.7.0] AndroidManifest.xml:137:13-57
224            <intent-filter>
224-->[androidx.work:work-runtime:2.7.0] AndroidManifest.xml:139:13-141:29
225                <action android:name="androidx.work.diagnostics.REQUEST_DIAGNOSTICS" />
225-->[androidx.work:work-runtime:2.7.0] AndroidManifest.xml:140:17-88
225-->[androidx.work:work-runtime:2.7.0] AndroidManifest.xml:140:25-85
226            </intent-filter>
227        </receiver>
228
229        <service
229-->[androidx.room:room-runtime:2.2.5] AndroidManifest.xml:25:9-28:40
230            android:name="androidx.room.MultiInstanceInvalidationService"
230-->[androidx.room:room-runtime:2.2.5] AndroidManifest.xml:26:13-74
231            android:directBootAware="true"
231-->[androidx.room:room-runtime:2.2.5] AndroidManifest.xml:27:13-43
232            android:exported="false" />
232-->[androidx.room:room-runtime:2.2.5] AndroidManifest.xml:28:13-37
233    </application>
234
235</manifest>